2025-11-27 23:58:11,657 - __main__ - INFO - ==================================================
2025-11-27 23:58:11,658 - __main__ - INFO - 开始 Obsidian → Notion 同步
2025-11-27 23:58:11,658 - __main__ - INFO - ==================================================
2025-11-27 23:58:11,658 - __main__ - INFO - DRY_RUN 模式: 关闭
2025-11-27 23:58:11,658 - __main__ - INFO - Vault 路径: obsidian_vault
2025-11-27 23:58:11,658 - __main__ - INFO - Notion 数据库: 2b865c6c-735f-8173-b91c-f63c35e502b8
2025-11-27 23:58:11,661 - __main__ - INFO - 扫描到 5 个 Markdown 文件
2025-11-27 23:58:11,664 - __main__ - INFO - → 准备同步: 00-Home.md
2025-11-27 23:58:12,926 - __main__ - INFO - ✓ 创建 Notion 页面成功: 2b865c6c-735f-81f2-b7c2-f04a413334d5
2025-11-27 23:58:12,936 - __main__ - INFO - → 准备同步: 参考资料 References.md
2025-11-27 23:58:14,274 - __main__ - INFO - ✓ 创建 Notion 页面成功: 2b865c6c-735f-8162-9c9a-c66a47efb368
2025-11-27 23:58:14,277 - __main__ - INFO - → 准备同步: 复习计划 Reviews.md
2025-11-27 23:58:15,206 - __main__ - INFO - ✓ 创建 Notion 页面成功: 2b865c6c-735f-8124-85c0-f6ae8d12e302
2025-11-27 23:58:15,208 - __main__ - INFO - → 准备同步: 收集箱 Inbox.md
2025-11-27 23:58:16,158 - __main__ - INFO - ✓ 创建 Notion 页面成功: 2b865c6c-735f-8137-af31-e6dd40b2789d
2025-11-27 23:58:16,161 - __main__ - INFO - → 准备同步: 进行中 Projects.md
2025-11-27 23:58:17,012 - __main__ - INFO - ✓ 创建 Notion 页面成功: 2b865c6c-735f-8147-91de-e92e0384a283
2025-11-27 23:58:17,016 - __main__ - INFO - ✓ 同步映射已保存: D:\Administrator\Documents\magicalgitzone\automation\sync\obsidian_notion_map.json
2025-11-27 23:58:17,016 - __main__ - INFO - ==================================================
2025-11-27 23:58:17,016 - __main__ - INFO - 同步完成: 成功 5/5 个文件
2025-11-27 23:58:17,017 - __main__ - INFO - ==================================================
